<?xml version="1.0" encoding="UTF-8"?>
<!-- Generated by org.testng.reporters.JUnitXMLReporter -->
<testsuite ignored="0" hostname="WPRJAVANG" failures="0" tests="7" name="Regression Tests" time="58.835" errors="0" timestamp="2026-06-09T10:28:58 IST">
  <testcase classname="testcases.RegistrationTest" name="testRegistration" time="3.312"/>
  <testcase classname="testcases.LoginTest" name="validLogin" time="1.508"/>
  <testcase classname="testcases.OpenAccountTest" name="testOpenNewAccount" time="2.599"/>
  <testcase classname="testcases.AccountOverviewTest" name="testAccountOverviewDetails" time="1.992"/>
  <testcase classname="testcases.TransferFundsTest" name="testTransferFunds" time="3.587"/>
  <testcase classname="testcases.BillPayTest" name="testBillPayment" time="4.542"/>
  <testcase classname="testcases.LogoutTest" name="testLogout" time="10.042"/>
</testsuite> <!-- Regression Tests -->
