<?xml version="1.0" encoding="UTF-8"?>
<testng-results ignored="0" total="7" passed="7" failed="0" skipped="0">
  <reporter-output>
  </reporter-output>
  <suite started-at="2026-06-09T10:27:59 IST" name="ParaBank Suite" finished-at="2026-06-09T10:28:58 IST" duration-ms="58835">
    <groups>
      <group name="AccountOverviewGroup">
        <method signature="AccountOverviewTest.testAccountOverviewDetails(java.lang.String,java.lang.String)[pri:0, instance:testcases.AccountOverviewTest@4009e306]" name="testAccountOverviewDetails" class="testcases.AccountOverviewTest"/>
      </group> <!-- AccountOverviewGroup -->
      <group name="LoginGroup">
        <method signature="LoginTest.validLogin(java.lang.String,java.lang.String)[pri:0, instance:testcases.LoginTest@3d34d211]" name="validLogin" class="testcases.LoginTest"/>
      </group> <!-- LoginGroup -->
      <group name="LogoutGroup">
        <method signature="LogoutTest.testLogout()[pri:0, instance:testcases.LogoutTest@22fcf7ab]" name="testLogout" class="testcases.LogoutTest"/>
      </group> <!-- LogoutGroup -->
      <group name="TransferFundsGroup">
        <method signature="TransferFundsTest.testTransferFunds(java.lang.String,java.lang.String)[pri:0, instance:testcases.TransferFundsTest@43c1b556]" name="testTransferFunds" class="testcases.TransferFundsTest"/>
      </group> <!-- TransferFundsGroup -->
      <group name="OpenAccountGroup">
        <method signature="OpenAccountTest.testOpenNewAccount(java.lang.String,java.lang.String)[pri:0, instance:testcases.OpenAccountTest@7dc0f706]" name="testOpenNewAccount" class="testcases.OpenAccountTest"/>
      </group> <!-- OpenAccountGroup -->
      <group name="BillPaymentGroup">
        <method signature="BillPayTest.testBillPayment(java.lang.String,java.lang.String)[pri:0, instance:testcases.BillPayTest@587e5365]" name="testBillPayment" class="testcases.BillPayTest"/>
      </group> <!-- BillPaymentGroup -->
    </groups>
    <test started-at="2026-06-09T10:27:59 IST" name="Regression Tests" finished-at="2026-06-09T10:28:58 IST" duration-ms="58835">
      <class name="testcases.LogoutTest">
        <test-method is-config="true" signature="setup()[pri:0, instance:testcases.LogoutTest@22fcf7ab]" started-at="2026-06-09T10:28:45 IST" name="setup" finished-at="2026-06-09T10:28:47 IST" duration-ms="2693" status="PASS">
          <reporter-output>
          </reporter-output>
        </test-method> <!-- setup -->
        <test-method signature="testLogout()[pri:0, instance:testcases.LogoutTest@22fcf7ab]" started-at="2026-06-09T10:28:47 IST" name="testLogout" depends-on-groups="TransferFundsGroup, BillPaymentGroup" finished-at="2026-06-09T10:28:57 IST" duration-ms="10042" status="PASS">
          <reporter-output>
          </reporter-output>
        </test-method> <!-- testLogout -->
        <test-method is-config="true" signature="tearDown()[pri:0, instance:testcases.LogoutTest@22fcf7ab]" started-at="2026-06-09T10:28:57 IST" name="tearDown" finished-at="2026-06-09T10:28:58 IST" duration-ms="594" status="PASS">
          <reporter-output>
          </reporter-output>
        </test-method> <!-- tearDown -->
      </class> <!-- testcases.LogoutTest -->
      <class name="testcases.TransferFundsTest">
        <test-method is-config="true" signature="setup()[pri:0, instance:testcases.TransferFundsTest@43c1b556]" started-at="2026-06-09T10:28:29 IST" name="setup" finished-at="2026-06-09T10:28:33 IST" duration-ms="3244" status="PASS">
          <reporter-output>
          </reporter-output>
        </test-method> <!-- setup -->
        <test-method signature="testTransferFunds(java.lang.String,java.lang.String)[pri:0, instance:testcases.TransferFundsTest@43c1b556]" started-at="2026-06-09T10:28:33 IST" name="testTransferFunds" data-provider="transferData" depends-on-groups="AccountOverviewGroup" finished-at="2026-06-09T10:28:36 IST" duration-ms="3587" status="PASS">
          <params>
            <param index="0">
              <value>
                <![CDATA[testnguser03]]>
              </value>
            </param>
            <param index="1">
              <value>
                <![CDATA[admin123]]>
              </value>
            </param>
          </params>
          <reporter-output>
          </reporter-output>
        </test-method> <!-- testTransferFunds -->
        <test-method is-config="true" signature="tearDown()[pri:0, instance:testcases.TransferFundsTest@43c1b556]" started-at="2026-06-09T10:28:36 IST" name="tearDown" finished-at="2026-06-09T10:28:36 IST" duration-ms="228" status="PASS">
          <reporter-output>
          </reporter-output>
        </test-method> <!-- tearDown -->
      </class> <!-- testcases.TransferFundsTest -->
      <class name="testcases.AccountOverviewTest">
        <test-method is-config="true" signature="setup()[pri:0, instance:testcases.AccountOverviewTest@4009e306]" started-at="2026-06-09T10:28:24 IST" name="setup" finished-at="2026-06-09T10:28:27 IST" duration-ms="3412" status="PASS">
          <reporter-output>
          </reporter-output>
        </test-method> <!-- setup -->
        <test-method signature="testAccountOverviewDetails(java.lang.String,java.lang.String)[pri:0, instance:testcases.AccountOverviewTest@4009e306]" started-at="2026-06-09T10:28:27 IST" name="testAccountOverviewDetails" data-provider="loginData" depends-on-groups="LoginGroup" finished-at="2026-06-09T10:28:29 IST" duration-ms="1992" status="PASS">
          <params>
            <param index="0">
              <value>
                <![CDATA[testnguser03]]>
              </value>
            </param>
            <param index="1">
              <value>
                <![CDATA[admin123]]>
              </value>
            </param>
          </params>
          <reporter-output>
          </reporter-output>
        </test-method> <!-- testAccountOverviewDetails -->
        <test-method is-config="true" signature="tearDown()[pri:0, instance:testcases.AccountOverviewTest@4009e306]" started-at="2026-06-09T10:28:29 IST" name="tearDown" finished-at="2026-06-09T10:28:29 IST" duration-ms="283" status="PASS">
          <reporter-output>
          </reporter-output>
        </test-method> <!-- tearDown -->
      </class> <!-- testcases.AccountOverviewTest -->
      <class name="testcases.LoginTest">
        <test-method is-config="true" signature="setup()[pri:0, instance:testcases.LoginTest@3d34d211]" started-at="2026-06-09T10:28:12 IST" name="setup" finished-at="2026-06-09T10:28:15 IST" duration-ms="3289" status="PASS">
          <reporter-output>
          </reporter-output>
        </test-method> <!-- setup -->
        <test-method signature="validLogin(java.lang.String,java.lang.String)[pri:0, instance:testcases.LoginTest@3d34d211]" started-at="2026-06-09T10:28:15 IST" name="validLogin" data-provider="loginData" finished-at="2026-06-09T10:28:16 IST" duration-ms="1508" status="PASS">
          <params>
            <param index="0">
              <value>
                <![CDATA[testnguser03]]>
              </value>
            </param>
            <param index="1">
              <value>
                <![CDATA[admin123]]>
              </value>
            </param>
          </params>
          <reporter-output>
          </reporter-output>
        </test-method> <!-- validLogin -->
        <test-method is-config="true" signature="tearDown()[pri:0, instance:testcases.LoginTest@3d34d211]" started-at="2026-06-09T10:28:16 IST" name="tearDown" finished-at="2026-06-09T10:28:17 IST" duration-ms="226" status="PASS">
          <reporter-output>
          </reporter-output>
        </test-method> <!-- tearDown -->
      </class> <!-- testcases.LoginTest -->
      <class name="testcases.OpenAccountTest">
        <test-method is-config="true" signature="setup()[pri:0, instance:testcases.OpenAccountTest@7dc0f706]" started-at="2026-06-09T10:28:17 IST" name="setup" finished-at="2026-06-09T10:28:21 IST" duration-ms="4015" status="PASS">
          <reporter-output>
          </reporter-output>
        </test-method> <!-- setup -->
        <test-method signature="testOpenNewAccount(java.lang.String,java.lang.String)[pri:0, instance:testcases.OpenAccountTest@7dc0f706]" started-at="2026-06-09T10:28:21 IST" name="testOpenNewAccount" data-provider="loginData" depends-on-groups="LoginGroup" finished-at="2026-06-09T10:28:23 IST" duration-ms="2599" status="PASS">
          <params>
            <param index="0">
              <value>
                <![CDATA[testnguser03]]>
              </value>
            </param>
            <param index="1">
              <value>
                <![CDATA[admin123]]>
              </value>
            </param>
          </params>
          <reporter-output>
          </reporter-output>
        </test-method> <!-- testOpenNewAccount -->
        <test-method is-config="true" signature="tearDown()[pri:0, instance:testcases.OpenAccountTest@7dc0f706]" started-at="2026-06-09T10:28:23 IST" name="tearDown" finished-at="2026-06-09T10:28:23 IST" duration-ms="227" status="PASS">
          <reporter-output>
          </reporter-output>
        </test-method> <!-- tearDown -->
      </class> <!-- testcases.OpenAccountTest -->
      <class name="testcases.BillPayTest">
        <test-method is-config="true" signature="setup()[pri:0, instance:testcases.BillPayTest@587e5365]" started-at="2026-06-09T10:28:36 IST" name="setup" finished-at="2026-06-09T10:28:40 IST" duration-ms="3529" status="PASS">
          <reporter-output>
          </reporter-output>
        </test-method> <!-- setup -->
        <test-method signature="testBillPayment(java.lang.String,java.lang.String)[pri:0, instance:testcases.BillPayTest@587e5365]" started-at="2026-06-09T10:28:40 IST" name="testBillPayment" data-provider="loginData" depends-on-groups="AccountOverviewGroup" finished-at="2026-06-09T10:28:44 IST" duration-ms="4542" status="PASS">
          <params>
            <param index="0">
              <value>
                <![CDATA[testnguser03]]>
              </value>
            </param>
            <param index="1">
              <value>
                <![CDATA[admin123]]>
              </value>
            </param>
          </params>
          <reporter-output>
          </reporter-output>
        </test-method> <!-- testBillPayment -->
        <test-method is-config="true" signature="tearDown()[pri:0, instance:testcases.BillPayTest@587e5365]" started-at="2026-06-09T10:28:44 IST" name="tearDown" finished-at="2026-06-09T10:28:45 IST" duration-ms="231" status="PASS">
          <reporter-output>
          </reporter-output>
        </test-method> <!-- tearDown -->
      </class> <!-- testcases.BillPayTest -->
      <class name="testcases.RegistrationTest">
        <test-method is-config="true" signature="setup()[pri:0, instance:testcases.RegistrationTest@26794848]" started-at="2026-06-09T10:28:01 IST" name="setup" finished-at="2026-06-09T10:28:08 IST" duration-ms="6610" status="PASS">
          <reporter-output>
          </reporter-output>
        </test-method> <!-- setup -->
        <test-method signature="testRegistration(java.lang.String,java.lang.String,java.lang.String,java.lang.String,java.lang.String,java.lang.String,java.lang.String,java.lang.String,java.lang.String,java.lang.String,java.lang.String)[pri:0, instance:testcases.RegistrationTest@26794848]" started-at="2026-06-09T10:28:08 IST" name="testRegistration" data-provider="regData" finished-at="2026-06-09T10:28:11 IST" duration-ms="3312" status="PASS">
          <params>
            <param index="0">
              <value>
                <![CDATA[TestNG 03]]>
              </value>
            </param>
            <param index="1">
              <value>
                <![CDATA[User 03]]>
              </value>
            </param>
            <param index="2">
              <value>
                <![CDATA[3/12 Main Street]]>
              </value>
            </param>
            <param index="3">
              <value>
                <![CDATA[Kolkata]]>
              </value>
            </param>
            <param index="4">
              <value>
                <![CDATA[Bengal]]>
              </value>
            </param>
            <param index="5">
              <value>
                <![CDATA[700060.0]]>
              </value>
            </param>
            <param index="6">
              <value>
                <![CDATA[5.46879213E9]]>
              </value>
            </param>
            <param index="7">
              <value>
                <![CDATA[987-123]]>
              </value>
            </param>
            <param index="8">
              <value>
                <![CDATA[testnguser03]]>
              </value>
            </param>
            <param index="9">
              <value>
                <![CDATA[admin123]]>
              </value>
            </param>
            <param index="10">
              <value>
                <![CDATA[admin123]]>
              </value>
            </param>
          </params>
          <reporter-output>
          </reporter-output>
        </test-method> <!-- testRegistration -->
        <test-method is-config="true" signature="tearDown()[pri:0, instance:testcases.RegistrationTest@26794848]" started-at="2026-06-09T10:28:11 IST" name="tearDown" finished-at="2026-06-09T10:28:11 IST" duration-ms="615" status="PASS">
          <reporter-output>
          </reporter-output>
        </test-method> <!-- tearDown -->
      </class> <!-- testcases.RegistrationTest -->
    </test> <!-- Regression Tests -->
  </suite> <!-- ParaBank Suite -->
</testng-results>
